* using log directory ‘/Users/jennifersun/Desktop/seq2pathway19/seq2pathway.Rcheck’
* using R version 3.5.2 (2018-12-20)
* using platform: x86_64-apple-darwin15.6.0 (64-bit)
* using session charset: UTF-8
* using option ‘--no-vignettes’
* checking for file ‘seq2pathway/DESCRIPTION’ ... OK
* checking extension type ... Package
* this is package ‘seq2pathway’ version ‘1.15.0’
* checking package namespace information ... OK
* checking package dependencies ... OK
* checking if this is a source package ... OK
* checking if there is a namespace ... OK
* checking for executable files ... OK
* checking for hidden files and directories ... OK
* checking for portable file names ... OK
* checking for sufficient/correct file permissions ... OK
* checking whether package ‘seq2pathway’ can be installed ... OK
* checking installed package size ... OK
* checking package directory ... OK
* checking ‘build’ directory ... OK
* checking DESCRIPTION meta-information ... OK
* checking top-level files ... OK
* checking for left-over files ... OK
* checking index information ... OK
* checking package subdirectories ... OK
* checking R files for non-ASCII characters ... OK
* checking R files for syntax errors ... OK
* checking whether the package can be loaded ... OK
* checking whether the package can be loaded with stated dependencies ... OK
* checking whether the package can be unloaded cleanly ... OK
* checking whether the namespace can be loaded with stated dependencies ... OK
* checking whether the namespace can be unloaded cleanly ... OK
* checking dependencies in R code ... OK
* checking S3 generic/method consistency ... OK
* checking replacement functions ... OK
* checking foreign function calls ... OK
* checking R code for possible problems ... NOTE
FAIME_EmpiricalP: no visible global function definition for ‘data’
FAIME_EmpiricalP: no visible binding for global variable
  ‘gencode_coding’
FisherTest_GO_BP_MF_CC: no visible global function definition for
  ‘data’
FisherTest_GO_BP_MF_CC: no visible binding for global variable
  ‘GO_BP_list’
FisherTest_GO_BP_MF_CC: no visible binding for global variable
  ‘GO_MF_list’
FisherTest_GO_BP_MF_CC: no visible binding for global variable
  ‘GO_CC_list’
FisherTest_GO_BP_MF_CC: no visible binding for global variable
  ‘Des_BP_list’
FisherTest_GO_BP_MF_CC: no visible binding for global variable
  ‘Des_MF_list’
FisherTest_GO_BP_MF_CC: no visible binding for global variable
  ‘Des_CC_list’
FisherTest_GO_BP_MF_CC: no visible binding for global variable
  ‘GO_GENCODE_df_hg_v20’
FisherTest_GO_BP_MF_CC: no visible binding for global variable
  ‘GO_GENCODE_df_hg_v19’
FisherTest_GO_BP_MF_CC: no visible binding for global variable
  ‘GO_GENCODE_df_mm_vM4’
FisherTest_GO_BP_MF_CC: no visible binding for global variable
  ‘GO_GENCODE_df_mm_vM1’
FisherTest_GO_BP_MF_CC: no visible global function definition for
  ‘fisher.test’
FisherTest_GO_BP_MF_CC: no visible global function definition for
  ‘p.adjust’
FisherTest_MsigDB: no visible global function definition for ‘data’
FisherTest_MsigDB: no visible binding for global variable
  ‘Msig_GENCODE_df_hg_v20’
FisherTest_MsigDB: no visible binding for global variable
  ‘Msig_GENCODE_df_hg_v19’
FisherTest_MsigDB: no visible binding for global variable
  ‘Msig_GENCODE_df_mm_vM4’
FisherTest_MsigDB: no visible binding for global variable
  ‘Msig_GENCODE_df_mm_vM1’
FisherTest_MsigDB: no visible global function definition for
  ‘fisher.test’
FisherTest_MsigDB: no visible global function definition for ‘p.adjust’
KSrank: no visible global function definition for ‘ks.test’
KSrank_EmpiricalP: no visible global function definition for ‘data’
KSrank_EmpiricalP: no visible binding for global variable
  ‘gencode_coding’
KSrank_EmpiricalP: no visible global function definition for ‘ks.test’
Normalize_F: no visible global function definition for ‘head’
cumulativerank_EmpiricalP: no visible global function definition for
  ‘data’
cumulativerank_EmpiricalP: no visible binding for global variable
  ‘gencode_coding’
gene2pathway_test: no visible global function definition for ‘data’
gene2pathway_test: no visible binding for global variable ‘GO_BP_list’
gene2pathway_test: no visible binding for global variable ‘GO_MF_list’
gene2pathway_test: no visible binding for global variable ‘GO_CC_list’
gene2pathway_test: no visible binding for global variable ‘Des_BP_list’
gene2pathway_test: no visible binding for global variable ‘Des_CC_list’
gene2pathway_test: no visible binding for global variable ‘Des_MF_list’
plotTop10: no visible binding for global variable ‘Fisher_odds’
plotTop10: no visible binding for global variable ‘FDR’
plotTop10: no visible global function definition for ‘barplot’
plotTop10: no visible global function definition for ‘lines’
plotTop10: no visible global function definition for ‘text’
plotTop10: no visible global function definition for ‘abline’
rungene2pathway_EmpiricalP: no visible global function definition for
  ‘txtProgressBar’
rungene2pathway_EmpiricalP: no visible global function definition for
  ‘setTxtProgressBar’
runseq2gene: no visible global function definition for ‘write.table’
runseq2gene: no visible global function definition for ‘read.table’
runseq2pathway: no visible global function definition for ‘data’
runseq2pathway: no visible binding for global variable ‘GO_BP_list’
runseq2pathway: no visible binding for global variable ‘GO_MF_list’
runseq2pathway: no visible binding for global variable ‘GO_CC_list’
runseq2pathway: no visible binding for global variable ‘Des_BP_list’
runseq2pathway: no visible binding for global variable ‘Des_CC_list’
runseq2pathway: no visible binding for global variable ‘Des_MF_list’
runseq2pathway: no visible global function definition for ‘write.table’
runseq2pathway: no visible global function definition for ‘read.table’
Undefined global functions or variables:
  Des_BP_list Des_CC_list Des_MF_list FDR Fisher_odds GO_BP_list
  GO_CC_list GO_GENCODE_df_hg_v19 GO_GENCODE_df_hg_v20
  GO_GENCODE_df_mm_vM1 GO_GENCODE_df_mm_vM4 GO_MF_list
  Msig_GENCODE_df_hg_v19 Msig_GENCODE_df_hg_v20 Msig_GENCODE_df_mm_vM1
  Msig_GENCODE_df_mm_vM4 abline barplot data fisher.test gencode_coding
  head ks.test lines p.adjust read.table setTxtProgressBar text
  txtProgressBar write.table
Consider adding
  importFrom("graphics", "abline", "barplot", "lines", "text")
  importFrom("stats", "fisher.test", "ks.test", "p.adjust")
  importFrom("utils", "data", "head", "read.table", "setTxtProgressBar",
             "txtProgressBar", "write.table")
to your NAMESPACE file.
* checking Rd files ... OK
* checking Rd metadata ... OK
* checking Rd cross-references ... OK
* checking for missing documentation entries ... OK
* checking for code/documentation mismatches ... WARNING
Codoc mismatches from documentation object 'plotTop10':
plotTop10
  Code: function(res, fdr = 0.05, or = 2, myfileID = NULL)
  Docs: function(res, fdr = 0.01, or = 1.5)
  Argument names in code not in docs:
    myfileID
  Mismatches in argument default values:
    Name: 'fdr' Code: 0.05 Docs: 0.01
    Name: 'or' Code: 2 Docs: 1.5

* checking Rd \usage sections ... WARNING
Documented arguments not in \usage in documentation object 'plotTop10':
  ‘myfileID’

Functions with \usage entries need to have the appropriate \alias
entries, and all their arguments documented.
The \usage entries must correspond to syntactically valid R code.
See chapter ‘Writing R documentation files’ in the ‘Writing R
Extensions’ manual.
* checking Rd contents ... OK
* checking for unstated dependencies in examples ... OK
* checking contents of ‘data’ directory ... OK
* checking data for non-ASCII characters ... OK
* checking data for ASCII and uncompressed saves ... OK
* checking sizes of PDF files under ‘inst/doc’ ... OK
* checking installed files from ‘inst/doc’ ... OK
* checking files in ‘vignettes’ ... OK
* checking examples ... OK
Examples with CPU or elapsed time > 5s
                 user system elapsed
runseq2pathway 32.150  0.798  33.126
runseq2gene    31.612  0.885  32.811
* checking for unstated dependencies in vignettes ... OK
* checking package vignettes in ‘inst/doc’ ... OK
* checking running R code from vignettes ... SKIPPED
* checking re-building of vignette outputs ... SKIPPED
* checking PDF version of manual ... OK
* DONE
Status: 2 WARNINGs, 1 NOTE
